<?xml version="1.0" encoding="utf-8"?><testsuites name="pytest tests"><testsuite name="pytest" errors="0" failures="0" skipped="0" tests="8" time="1.702" timestamp="2026-05-11T02:01:44.296674+00:00" hostname="agent-env-ac90c172-1bcc-4535-aef0-3b08b24885ea"><testcase classname="backend.tests.test_payments.TestHealthEndpoint" name="test_health_returns_200" time="0.145" /><testcase classname="backend.tests.test_payments.TestPaymentStatusEndpoint" name="test_status_non_existent_returns_404" time="0.312" /><testcase classname="backend.tests.test_payments.TestSubscriptionCheckout" name="test_subscription_checkout_invalid_plan" time="0.123" /><testcase classname="backend.tests.test_payments.TestSubscriptionCheckout" name="test_subscription_checkout_missing_tenant" time="0.365" /><testcase classname="backend.tests.test_payments.TestShopCheckout" name="test_shop_checkout_empty_cart" time="0.137" /><testcase classname="backend.tests.test_payments.TestShopCheckout" name="test_shop_checkout_invalid_tenant" time="0.313" /><testcase classname="backend.tests.test_payments.TestWebhook" name="test_webhook_invalid_signature" time="0.115" /><testcase classname="backend.tests.test_payments.TestRootEndpoint" name="test_root_returns_endpoints_list" time="0.120" /></testsuite></testsuites>